<?xml version="1.0" encoding="UTF-8"?>
<!-- Generated by org.testng.reporters.JUnitReportReporter -->
<testsuite skipped="0" hostname="W7P-QAT-SUN" name="com.ats.testcases.Verifyatslogin" tests="1" failures="0" timestamp="2021-04-07T17:15:43 IST" time="8.894" errors="0">
  <testcase name="Verifyvalidlogin" time="8.894" classname="com.ats.testcases.Verifyatslogin"/>
</testsuite> <!-- com.ats.testcases.Verifyatslogin -->
