<?xml version="1.0" encoding="UTF-8"?>
<!-- Generated by org.testng.reporters.JUnitReportReporter -->
<testsuite skipped="0" hostname="W7P-QAT-SUN" name="CaptureScreenShot.FacebookScreenshotbyUtility" tests="1" failures="0" timestamp="2020-05-24T16:10:33 IST" time="10.891" errors="0">
  <testcase name="capturescreenshot" time="10.891" classname="CaptureScreenShot.FacebookScreenshotbyUtility"/>
</testsuite> <!-- CaptureScreenShot.FacebookScreenshotbyUtility -->
