<?xml version="1.0" encoding="UTF-8"?>
<!-- Generated by org.testng.reporters.JUnitReportReporter -->
<testsuite skipped="0" hostname="W7P-QAT-SUN" name="CaptureScreenShot.FacebookScreenshot" tests="1" failures="0" timestamp="2020-05-24T15:59:09 IST" time="10.479" errors="0">
  <testcase name="capturescreenshot" time="10.479" classname="CaptureScreenShot.FacebookScreenshot"/>
</testsuite> <!-- CaptureScreenShot.FacebookScreenshot -->
