<?xml version="1.0" encoding="UTF-8"?>
<!-- Generated by org.testng.reporters.JUnitReportReporter -->
<testsuite skipped="0" hostname="W7P-QAT-SUN" name="com.wordpress.testcase.VerifyWordpressLogin" tests="1" failures="0" timestamp="2020-05-10T17:23:56 IST" time="18.999" errors="0">
  <testcase name="Verifyvalidlogin" time="18.999" classname="com.wordpress.testcase.VerifyWordpressLogin"/>
</testsuite> <!-- com.wordpress.testcase.VerifyWordpressLogin -->
