<?xml version="1.0" encoding="UTF-8"?>
<!-- Generated by org.testng.reporters.JUnitReportReporter -->
<testsuite skipped="0" hostname="W7P-QAT-SUN" name="com.wordpress.testcase.VerifyWordpressLoginNew" tests="1" failures="0" timestamp="2020-05-10T18:03:55 IST" time="20.138" errors="0">
  <testcase name="Verifyvalidlogin" time="20.138" classname="com.wordpress.testcase.VerifyWordpressLoginNew"/>
</testsuite> <!-- com.wordpress.testcase.VerifyWordpressLoginNew -->
