<?xml version="1.0" encoding="UTF-8"?>
<!-- Generated by org.testng.reporters.JUnitReportReporter -->
<testsuite skipped="0" hostname="W7P-QAT-SUN" name="testcases.VerifyURLStatus" tests="1" failures="0" timestamp="19 May 2020 04:00:39 GMT" time="516.339" errors="0">
  <testcase name="verifyURLStatus" time="516.339" classname="testcases.VerifyURLStatus"/>
</testsuite> <!-- testcases.VerifyURLStatus -->
